#-----------------------------------------------------------
# Vivado v2024.2 (64-bit)
# SW Build 5239630 on Fri Nov 08 22:35:27 MST 2024
# IP Build 5239520 on Sun Nov 10 16:12:51 MST 2024
# SharedData Build 5239561 on Fri Nov 08 14:39:27 MST 2024
# Start of session at: Sun Mar 16 22:27:58 2025
# Process ID         : 15656
# Current directory  : D:/New folder/project_1
# Command line       : vivado.exe -gui_launcher_event rodinguilauncherevent11448 D:\New folder\project_1\project_3.xpr
# Log file           : D:/New folder/project_1/vivado.log
# Journal file       : D:/New folder/project_1\vivado.jou
# Running On         : LAPTOP-AIR04ARS
# Platform           : Windows Server 2016 or Windows 10
# Operating System   : 19045
# Processor Detail   : Intel(R) Core(TM) i7-7700HQ CPU @ 2.80GHz
# CPU Frequency      : 2808 MHz
# CPU Physical cores : 4
# CPU Logical cores  : 8
# Host memory        : 17058 MB
# Swap memory        : 21474 MB
# Total Virtual      : 38533 MB
# Available Virtual  : 22632 MB
#-----------------------------------------------------------
start_gui
open_project {D:/New folder/project_1/project_3.xpr}
INFO: [Project 1-313] Project file moved from 'C:/Users/bootcamp07/project_3' since last save.
INFO: [filemgmt 56-3] Default IP Output Path : Could not find the directory 'D:/New folder/project_1/project_3.gen/sources_1'.
Scanning sources...
Finished scanning sources
INFO: [Project 1-230] Project 'project_3.xpr' upgraded for this version of Vivado.
INFO: [IP_Flow 19-234] Refreshing IP repositories
INFO: [IP_Flow 19-1704] No user IP repositories specified
INFO: [IP_Flow 19-2313] Loaded Vivado IP repository 'D:/xilinx/Vivado/2024.2/data/ip'.
open_project: Time (s): cpu = 00:00:12 ; elapsed = 00:00:05 . Memory (MB): peak = 1190.547 ; gain = 74.402
update_compile_order -fileset sources_1
reset_run synth_1
INFO: [Project 1-1161] Replacing file D:/New folder/project_1/project_3.srcs/utils_1/imports/synth_1/led_test.dcp with file D:/New folder/project_1/project_3.runs/synth_1/led_test.dcp
launch_runs synth_1 -jobs 5
[Sun Mar 16 22:29:36 2025] Launched synth_1...
Run output will be captured here: D:/New folder/project_1/project_3.runs/synth_1/runme.log
WARNING: [filemgmt 56-199] Attempt to get parsing info during refresh. "On-the-fly" syntax checking information may be incorrect. [D:\New folder\project_1\project_3.srcs\sources_1\new\Control.vhd:]
WARNING: [filemgmt 56-199] Attempt to get parsing info during refresh. "On-the-fly" syntax checking information may be incorrect. [D:\New folder\project_1\project_3.srcs\sources_1\new\led_test.vhd:]
WARNING: [filemgmt 56-199] Attempt to get parsing info during refresh. "On-the-fly" syntax checking information may be incorrect. [D:\New folder\project_1\project_3.srcs\sources_1\new\led_test.vhd:]
WARNING: [filemgmt 56-199] Attempt to get parsing info during refresh. "On-the-fly" syntax checking information may be incorrect. [D:\New folder\project_1\project_3.srcs\sources_1\new\led_test.vhd:]
ERROR: [Common 17-180] Spawn failed: No error
launch_runs impl_1 -jobs 5
[Sun Mar 16 22:31:03 2025] Launched impl_1...
Run output will be captured here: D:/New folder/project_1/project_3.runs/impl_1/runme.log
launch_runs impl_1 -to_step write_bitstream -jobs 5
[Sun Mar 16 22:34:04 2025] Launched impl_1...
Run output will be captured here: D:/New folder/project_1/project_3.runs/impl_1/runme.log
open_hw_manager
connect_hw_server -allow_non_jtag
INFO: [Labtools 27-2285] Connecting to hw_server url TCP:localhost:3121
INFO: [Labtools 27-2222] Launching hw_server...
INFO: [Labtools 27-2221] Launch Output:

****** Xilinx hw_server v2024.2
  **** Build date : Oct 29 2024 at 10:25:41
    ** Copyright 1986-2022 Xilinx, Inc. All Rights Reserved.


INFO: [Labtools 27-3415] Connecting to cs_server url TCP:localhost:0
INFO: [Labtools 27-3417] Launching cs_server...
INFO: [Labtools 27-2221] Launch Output:


******** Xilinx cs_server v2024.2.0
  ****** Build date   : Oct 30 2024-14:19:07
    **** Build number : 2024.2.1730312347
      ** Copyright 2017-2022 Xilinx, Inc. All Rights Reserved.
      ** Copyright 2022-2025 Advanced Micro Devices, Inc. All Rights Reserved.



connect_hw_server: Time (s): cpu = 00:00:01 ; elapsed = 00:00:13 . Memory (MB): peak = 1213.848 ; gain = 0.000
open_hw_target
INFO: [Labtoolstcl 44-466] Opening hw_target localhost:3121/xilinx_tcf/Digilent/210183BB750DA
set_property PROGRAM.FILE {D:/New folder/project_1/project_3.runs/impl_1/led_test.bit} [get_hw_devices xc7a35t_0]
current_hw_device [get_hw_devices xc7a35t_0]
refresh_hw_device -update_hw_probes false [lindex [get_hw_devices xc7a35t_0] 0]
INFO: [Labtools 27-1434] Device xc7a35t (JTAG device index = 0) is programmed with a design that has no supported debug core(s) in it.
set_property PROBES.FILE {} [get_hw_devices xc7a35t_0]
set_property FULL_PROBES.FILE {} [get_hw_devices xc7a35t_0]
set_property PROGRAM.FILE {D:/New folder/project_1/project_3.runs/impl_1/led_test.bit} [get_hw_devices xc7a35t_0]
program_hw_devices [get_hw_devices xc7a35t_0]
INFO: [Labtools 27-3164] End of startup status: HIGH
refresh_hw_device [lindex [get_hw_devices xc7a35t_0] 0]
INFO: [Labtools 27-1434] Device xc7a35t (JTAG device index = 0) is programmed with a design that has no supported debug core(s) in it.
close_hw_manager
set_property SOURCE_SET sources_1 [get_filesets sim_1]
close [ open {D:/New folder/project_1/project_3.srcs/sim_1/new/test.vhd} w ]
add_files -fileset sim_1 {{D:/New folder/project_1/project_3.srcs/sim_1/new/test.vhd}}
WARNING: [filemgmt 56-199] Attempt to get parsing info during refresh. "On-the-fly" syntax checking information may be incorrect. [D:\New folder\project_1\project_3.srcs\sources_1\new\Control.vhd:]
WARNING: [filemgmt 56-199] Attempt to get parsing info during refresh. "On-the-fly" syntax checking information may be incorrect. [D:\New folder\project_1\project_3.srcs\sources_1\new\led_test.vhd:]
WARNING: [filemgmt 56-199] Attempt to get parsing info during refresh. "On-the-fly" syntax checking information may be incorrect. [D:\New folder\project_1\project_3.srcs\sources_1\new\Control.vhd:]
WARNING: [filemgmt 56-199] Attempt to get parsing info during refresh. "On-the-fly" syntax checking information may be incorrect. [D:\New folder\project_1\project_3.srcs\sources_1\new\Control.vhd:]
ERROR: [Common 17-180] Spawn failed: No error
WARNING: [filemgmt 56-199] Attempt to get parsing info during refresh. "On-the-fly" syntax checking information may be incorrect. [D:\New folder\project_1\project_3.srcs\sources_1\new\Control.vhd:]
WARNING: [filemgmt 56-199] Attempt to get parsing info during refresh. "On-the-fly" syntax checking information may be incorrect. [D:\New folder\project_1\project_3.srcs\sources_1\new\led_test.vhd:]
WARNING: [filemgmt 56-199] Attempt to get parsing info during refresh. "On-the-fly" syntax checking information may be incorrect. [D:\New folder\project_1\project_3.srcs\sources_1\new\Control.vhd:]
WARNING: [filemgmt 56-199] Attempt to get parsing info during refresh. "On-the-fly" syntax checking information may be incorrect. [D:\New folder\project_1\project_3.srcs\sources_1\new\Control.vhd:]
ERROR: [Common 17-180] Spawn failed: No error
update_compile_order -fileset sim_1
WARNING: [filemgmt 56-199] Attempt to get parsing info during refresh. "On-the-fly" syntax checking information may be incorrect. [D:\New folder\project_1\project_3.srcs\sources_1\new\Control.vhd:]
WARNING: [filemgmt 56-199] Attempt to get parsing info during refresh. "On-the-fly" syntax checking information may be incorrect. [D:\New folder\project_1\project_3.srcs\sources_1\new\led_test.vhd:]
WARNING: [filemgmt 56-199] Attempt to get parsing info during refresh. "On-the-fly" syntax checking information may be incorrect. [D:\New folder\project_1\project_3.srcs\sources_1\new\Control.vhd:]
WARNING: [filemgmt 56-199] Attempt to get parsing info during refresh. "On-the-fly" syntax checking information may be incorrect. [D:\New folder\project_1\project_3.srcs\sources_1\new\Control.vhd:]
ERROR: [Common 17-180] Spawn failed: No error
WARNING: [filemgmt 56-199] Attempt to get parsing info during refresh. "On-the-fly" syntax checking information may be incorrect. [D:\New folder\project_1\project_3.srcs\sources_1\new\Control.vhd:]
WARNING: [filemgmt 56-199] Attempt to get parsing info during refresh. "On-the-fly" syntax checking information may be incorrect. [D:\New folder\project_1\project_3.srcs\sim_1\new\test.vhd:]
WARNING: [filemgmt 56-199] Attempt to get parsing info during refresh. "On-the-fly" syntax checking information may be incorrect. [D:\New folder\project_1\project_3.srcs\sources_1\new\led_test.vhd:]
WARNING: [filemgmt 56-199] Attempt to get parsing info during refresh. "On-the-fly" syntax checking information may be incorrect. [D:\New folder\project_1\project_3.srcs\sources_1\new\Control.vhd:]
WARNING: [filemgmt 56-199] Attempt to get parsing info during refresh. "On-the-fly" syntax checking information may be incorrect. [D:\New folder\project_1\project_3.srcs\sources_1\new\Control.vhd:]
WARNING: [filemgmt 56-199] Attempt to get parsing info during refresh. "On-the-fly" syntax checking information may be incorrect. [D:\New folder\project_1\project_3.srcs\sources_1\new\Control.vhd:]
WARNING: [filemgmt 56-199] Attempt to get parsing info during refresh. "On-the-fly" syntax checking information may be incorrect. [D:\New folder\project_1\project_3.srcs\sim_1\new\test.vhd:]
WARNING: [filemgmt 56-199] Attempt to get parsing info during refresh. "On-the-fly" syntax checking information may be incorrect. [D:\New folder\project_1\project_3.srcs\sources_1\new\led_test.vhd:]
WARNING: [filemgmt 56-199] Attempt to get parsing info during refresh. "On-the-fly" syntax checking information may be incorrect. [D:\New folder\project_1\project_3.srcs\sources_1\new\led_test.vhd:]
WARNING: [filemgmt 56-199] Attempt to get parsing info during refresh. "On-the-fly" syntax checking information may be incorrect. [D:\New folder\project_1\project_3.srcs\sources_1\new\led_test.vhd:]
update_compile_order -fileset sim_1
WARNING: [filemgmt 56-199] Attempt to get parsing info during refresh. "On-the-fly" syntax checking information may be incorrect. [D:\New folder\project_1\project_3.srcs\sources_1\new\Control.vhd:]
WARNING: [filemgmt 56-199] Attempt to get parsing info during refresh. "On-the-fly" syntax checking information may be incorrect. [D:\New folder\project_1\project_3.srcs\sim_1\new\test.vhd:]
WARNING: [filemgmt 56-199] Attempt to get parsing info during refresh. "On-the-fly" syntax checking information may be incorrect. [D:\New folder\project_1\project_3.srcs\sources_1\new\led_test.vhd:]
WARNING: [filemgmt 56-199] Attempt to get parsing info during refresh. "On-the-fly" syntax checking information may be incorrect. [D:\New folder\project_1\project_3.srcs\sources_1\new\Control.vhd:]
WARNING: [filemgmt 56-199] Attempt to get parsing info during refresh. "On-the-fly" syntax checking information may be incorrect. [D:\New folder\project_1\project_3.srcs\sources_1\new\Control.vhd:]
WARNING: [filemgmt 56-199] Attempt to get parsing info during refresh. "On-the-fly" syntax checking information may be incorrect. [D:\New folder\project_1\project_3.srcs\sources_1\new\Control.vhd:]
WARNING: [filemgmt 56-199] Attempt to get parsing info during refresh. "On-the-fly" syntax checking information may be incorrect. [D:\New folder\project_1\project_3.srcs\sim_1\new\test.vhd:]
WARNING: [filemgmt 56-199] Attempt to get parsing info during refresh. "On-the-fly" syntax checking information may be incorrect. [D:\New folder\project_1\project_3.srcs\sources_1\new\led_test.vhd:]
WARNING: [filemgmt 56-199] Attempt to get parsing info during refresh. "On-the-fly" syntax checking information may be incorrect. [D:\New folder\project_1\project_3.srcs\sim_1\new\test.vhd:]
WARNING: [filemgmt 56-199] Attempt to get parsing info during refresh. "On-the-fly" syntax checking information may be incorrect. [D:\New folder\project_1\project_3.srcs\sim_1\new\test.vhd:]
launch_simulation
Command: launch_simulation 
INFO: [Vivado 12-12493] Simulation top is 'led_test_tb'
WARNING: [Vivado 12-13340] Unable to auto find GCC executables from simulator install path! (path not set)
INFO: [Vivado 12-5682] Launching behavioral simulation in 'D:/New folder/project_1/project_3.sim/sim_1/behav/xsim'
INFO: [SIM-utils-51] Simulation object is 'sim_1'
INFO: [SIM-utils-72] Using boost library from 'D:/xilinx/Vivado/2024.2/tps/boost_1_72_0'
INFO: [SIM-utils-54] Inspecting design source files for 'led_test_tb' in fileset 'sim_1'...
INFO: [USF-XSim-97] Finding global include files...
INFO: [USF-XSim-98] Fetching design files from 'sim_1'...
INFO: [USF-XSim-2] XSim::Compile design
INFO: [USF-XSim-61] Executing 'COMPILE and ANALYZE' step in 'D:/New folder/project_1/project_3.sim/sim_1/behav/xsim'
"xvhdl --incr --relax -prj led_test_tb_vhdl.prj"
INFO: [VRFC 10-163] Analyzing VHDL file "D:/New folder/project_1/project_3.srcs/sources_1/new/Button.vhd" into library xil_defaultlib
INFO: [VRFC 10-3107] analyzing entity 'Button'
INFO: [VRFC 10-163] Analyzing VHDL file "D:/New folder/project_1/project_3.srcs/sources_1/new/Control.vhd" into library xil_defaultlib
INFO: [VRFC 10-3107] analyzing entity 'Control'
INFO: [VRFC 10-163] Analyzing VHDL file "D:/New folder/project_1/project_3.srcs/sources_1/new/Display.vhd" into library xil_defaultlib
INFO: [VRFC 10-3107] analyzing entity 'Display'
INFO: [VRFC 10-163] Analyzing VHDL file "D:/New folder/project_1/project_3.srcs/sources_1/new/HexTo7Seg.vhd" into library xil_defaultlib
INFO: [VRFC 10-3107] analyzing entity 'HexTo7Seg'
INFO: [VRFC 10-163] Analyzing VHDL file "D:/New folder/project_1/project_3.srcs/sources_1/new/RandomNumber.vhd" into library xil_defaultlib
INFO: [VRFC 10-3107] analyzing entity 'RandomNumber'
INFO: [VRFC 10-163] Analyzing VHDL file "D:/New folder/project_1/project_3.srcs/sources_1/new/Timer.vhd" into library xil_defaultlib
INFO: [VRFC 10-3107] analyzing entity 'Timer'
INFO: [VRFC 10-163] Analyzing VHDL file "D:/New folder/project_1/project_3.srcs/sources_1/new/led_test.vhd" into library xil_defaultlib
INFO: [VRFC 10-3107] analyzing entity 'led_test'
INFO: [VRFC 10-163] Analyzing VHDL file "D:/New folder/project_1/project_3.srcs/sources_1/new/leds.vhd" into library xil_defaultlib
INFO: [VRFC 10-3107] analyzing entity 'leds'
INFO: [VRFC 10-163] Analyzing VHDL file "D:/New folder/project_1/project_3.srcs/sim_1/new/test.vhd" into library xil_defaultlib
INFO: [VRFC 10-3107] analyzing entity 'led_test_tb'
ERROR: [VRFC 10-9439] type error near 'led'; expected type 'direction' [D:/New folder/project_1/project_3.srcs/sim_1/new/test.vhd:88]
ERROR: [VRFC 10-2922] 'to_string' expects 1 arguments [D:/New folder/project_1/project_3.srcs/sim_1/new/test.vhd:88]
ERROR: [VRFC 10-1471] type error near led ; current type std_logic_vector; expected type positive [D:/New folder/project_1/project_3.srcs/sim_1/new/test.vhd:88]
ERROR: [VRFC 10-8875] could not find a match for subprogram 'to_string' [D:/New folder/project_1/project_3.srcs/sim_1/new/test.vhd:88]
ERROR: [VRFC 10-9439] type error near 'an'; expected type 'direction' [D:/New folder/project_1/project_3.srcs/sim_1/new/test.vhd:92]
ERROR: [VRFC 10-2922] 'to_string' expects 1 arguments [D:/New folder/project_1/project_3.srcs/sim_1/new/test.vhd:92]
ERROR: [VRFC 10-1471] type error near an ; current type std_logic_vector; expected type positive [D:/New folder/project_1/project_3.srcs/sim_1/new/test.vhd:92]
ERROR: [VRFC 10-8875] could not find a match for subprogram 'to_string' [D:/New folder/project_1/project_3.srcs/sim_1/new/test.vhd:92]
ERROR: [VRFC 10-9439] type error near 'seg'; expected type 'direction' [D:/New folder/project_1/project_3.srcs/sim_1/new/test.vhd:93]
ERROR: [VRFC 10-2922] 'to_string' expects 1 arguments [D:/New folder/project_1/project_3.srcs/sim_1/new/test.vhd:93]
ERROR: [VRFC 10-1471] type error near seg ; current type std_logic_vector; expected type positive [D:/New folder/project_1/project_3.srcs/sim_1/new/test.vhd:93]
ERROR: [VRFC 10-8875] could not find a match for subprogram 'to_string' [D:/New folder/project_1/project_3.srcs/sim_1/new/test.vhd:93]
ERROR: [VRFC 10-9458] unit 'behavioral' is ignored due to previous errors [D:/New folder/project_1/project_3.srcs/sim_1/new/test.vhd:8]
INFO: [VRFC 10-8704] VHDL file 'D:/New folder/project_1/project_3.srcs/sim_1/new/test.vhd' is ignored due to errors
run_program: Time (s): cpu = 00:00:00 ; elapsed = 00:00:05 . Memory (MB): peak = 1298.523 ; gain = 0.000
INFO: [USF-XSim-69] 'compile' step finished in '5' seconds
INFO: [USF-XSim-99] Step results log file:'D:/New folder/project_1/project_3.sim/sim_1/behav/xsim/xvhdl.log'
ERROR: [USF-XSim-62] 'compile' step failed with error(s). Please check the Tcl console output or 'D:/New folder/project_1/project_3.sim/sim_1/behav/xsim/xvhdl.log' file for more information.
ERROR: [Vivado 12-4473] Detected error while running simulation. Please correct the issue and retry this operation.
launch_simulation: Time (s): cpu = 00:00:01 ; elapsed = 00:00:08 . Memory (MB): peak = 1298.523 ; gain = 0.000
ERROR: [Common 17-39] 'launch_simulation' failed due to earlier errors.
set_property is_enabled false [get_files  {{D:/New folder/project_1/project_3.srcs/sim_1/new/led_test_tb.vhd}}]
WARNING: [filemgmt 56-199] Attempt to get parsing info during refresh. "On-the-fly" syntax checking information may be incorrect. [D:\New folder\project_1\project_3.srcs\sources_1\new\Control.vhd:]
WARNING: [filemgmt 56-199] Attempt to get parsing info during refresh. "On-the-fly" syntax checking information may be incorrect. [D:\New folder\project_1\project_3.srcs\sim_1\new\test.vhd:]
WARNING: [filemgmt 56-199] Attempt to get parsing info during refresh. "On-the-fly" syntax checking information may be incorrect. [D:\New folder\project_1\project_3.srcs\sources_1\new\led_test.vhd:]
WARNING: [filemgmt 56-199] Attempt to get parsing info during refresh. "On-the-fly" syntax checking information may be incorrect. [D:\New folder\project_1\project_3.srcs\sim_1\new\led_test_tb.vhd:]
WARNING: [filemgmt 56-199] Attempt to get parsing info during refresh. "On-the-fly" syntax checking information may be incorrect. [D:\New folder\project_1\project_3.srcs\sources_1\new\led_test.vhd:]
WARNING: [filemgmt 56-199] Attempt to get parsing info during refresh. "On-the-fly" syntax checking information may be incorrect. [D:\New folder\project_1\project_3.srcs\sources_1\new\led_test.vhd:]
WARNING: [filemgmt 56-199] Attempt to get parsing info during refresh. "On-the-fly" syntax checking information may be incorrect. [D:\New folder\project_1\project_3.srcs\sources_1\new\Control.vhd:]
WARNING: [filemgmt 56-199] Attempt to get parsing info during refresh. "On-the-fly" syntax checking information may be incorrect. [D:\New folder\project_1\project_3.srcs\sim_1\new\test.vhd:]
WARNING: [filemgmt 56-199] Attempt to get parsing info during refresh. "On-the-fly" syntax checking information may be incorrect. [D:\New folder\project_1\project_3.srcs\sources_1\new\led_test.vhd:]
WARNING: [filemgmt 56-199] Attempt to get parsing info during refresh. "On-the-fly" syntax checking information may be incorrect. [D:\New folder\project_1\project_3.srcs\sim_1\new\led_test_tb.vhd:]
WARNING: [filemgmt 56-199] Attempt to get parsing info during refresh. "On-the-fly" syntax checking information may be incorrect. [D:\New folder\project_1\project_3.srcs\sim_1\new\test.vhd:]
WARNING: [filemgmt 56-199] Attempt to get parsing info during refresh. "On-the-fly" syntax checking information may be incorrect. [D:\New folder\project_1\project_3.srcs\sim_1\new\test.vhd:]
ERROR: [Common 17-180] Spawn failed: No error
launch_simulation
Command: launch_simulation 
INFO: [Vivado 12-12493] Simulation top is 'led_test_tb'
WARNING: [Vivado 12-13340] Unable to auto find GCC executables from simulator install path! (path not set)
INFO: [Vivado 12-5682] Launching behavioral simulation in 'D:/New folder/project_1/project_3.sim/sim_1/behav/xsim'
INFO: [SIM-utils-51] Simulation object is 'sim_1'
INFO: [SIM-utils-72] Using boost library from 'D:/xilinx/Vivado/2024.2/tps/boost_1_72_0'
INFO: [SIM-utils-54] Inspecting design source files for 'led_test_tb' in fileset 'sim_1'...
INFO: [USF-XSim-97] Finding global include files...
INFO: [USF-XSim-98] Fetching design files from 'sim_1'...
INFO: [USF-XSim-2] XSim::Compile design
INFO: [USF-XSim-61] Executing 'COMPILE and ANALYZE' step in 'D:/New folder/project_1/project_3.sim/sim_1/behav/xsim'
"xvhdl --incr --relax -prj led_test_tb_vhdl.prj"
INFO: [VRFC 10-163] Analyzing VHDL file "D:/New folder/project_1/project_3.srcs/sources_1/new/Button.vhd" into library xil_defaultlib
INFO: [VRFC 10-3107] analyzing entity 'Button'
INFO: [VRFC 10-163] Analyzing VHDL file "D:/New folder/project_1/project_3.srcs/sources_1/new/Control.vhd" into library xil_defaultlib
INFO: [VRFC 10-3107] analyzing entity 'Control'
INFO: [VRFC 10-163] Analyzing VHDL file "D:/New folder/project_1/project_3.srcs/sources_1/new/Display.vhd" into library xil_defaultlib
INFO: [VRFC 10-3107] analyzing entity 'Display'
INFO: [VRFC 10-163] Analyzing VHDL file "D:/New folder/project_1/project_3.srcs/sources_1/new/HexTo7Seg.vhd" into library xil_defaultlib
INFO: [VRFC 10-3107] analyzing entity 'HexTo7Seg'
INFO: [VRFC 10-163] Analyzing VHDL file "D:/New folder/project_1/project_3.srcs/sources_1/new/RandomNumber.vhd" into library xil_defaultlib
INFO: [VRFC 10-3107] analyzing entity 'RandomNumber'
INFO: [VRFC 10-163] Analyzing VHDL file "D:/New folder/project_1/project_3.srcs/sources_1/new/Timer.vhd" into library xil_defaultlib
INFO: [VRFC 10-3107] analyzing entity 'Timer'
INFO: [VRFC 10-163] Analyzing VHDL file "D:/New folder/project_1/project_3.srcs/sources_1/new/led_test.vhd" into library xil_defaultlib
INFO: [VRFC 10-3107] analyzing entity 'led_test'
INFO: [VRFC 10-163] Analyzing VHDL file "D:/New folder/project_1/project_3.srcs/sources_1/new/leds.vhd" into library xil_defaultlib
INFO: [VRFC 10-3107] analyzing entity 'leds'
INFO: [VRFC 10-163] Analyzing VHDL file "D:/New folder/project_1/project_3.srcs/sim_1/new/test.vhd" into library xil_defaultlib
INFO: [VRFC 10-3107] analyzing entity 'led_test_tb'
ERROR: [VRFC 10-9439] type error near 'led'; expected type 'direction' [D:/New folder/project_1/project_3.srcs/sim_1/new/test.vhd:88]
ERROR: [VRFC 10-2922] 'to_string' expects 1 arguments [D:/New folder/project_1/project_3.srcs/sim_1/new/test.vhd:88]
ERROR: [VRFC 10-1471] type error near led ; current type std_logic_vector; expected type positive [D:/New folder/project_1/project_3.srcs/sim_1/new/test.vhd:88]
ERROR: [VRFC 10-8875] could not find a match for subprogram 'to_string' [D:/New folder/project_1/project_3.srcs/sim_1/new/test.vhd:88]
ERROR: [VRFC 10-9439] type error near 'an'; expected type 'direction' [D:/New folder/project_1/project_3.srcs/sim_1/new/test.vhd:92]
ERROR: [VRFC 10-2922] 'to_string' expects 1 arguments [D:/New folder/project_1/project_3.srcs/sim_1/new/test.vhd:92]
ERROR: [VRFC 10-1471] type error near an ; current type std_logic_vector; expected type positive [D:/New folder/project_1/project_3.srcs/sim_1/new/test.vhd:92]
ERROR: [VRFC 10-8875] could not find a match for subprogram 'to_string' [D:/New folder/project_1/project_3.srcs/sim_1/new/test.vhd:92]
ERROR: [VRFC 10-9439] type error near 'seg'; expected type 'direction' [D:/New folder/project_1/project_3.srcs/sim_1/new/test.vhd:93]
ERROR: [VRFC 10-2922] 'to_string' expects 1 arguments [D:/New folder/project_1/project_3.srcs/sim_1/new/test.vhd:93]
ERROR: [VRFC 10-1471] type error near seg ; current type std_logic_vector; expected type positive [D:/New folder/project_1/project_3.srcs/sim_1/new/test.vhd:93]
ERROR: [VRFC 10-8875] could not find a match for subprogram 'to_string' [D:/New folder/project_1/project_3.srcs/sim_1/new/test.vhd:93]
ERROR: [VRFC 10-9458] unit 'behavioral' is ignored due to previous errors [D:/New folder/project_1/project_3.srcs/sim_1/new/test.vhd:8]
INFO: [VRFC 10-8704] VHDL file 'D:/New folder/project_1/project_3.srcs/sim_1/new/test.vhd' is ignored due to errors
INFO: [USF-XSim-69] 'compile' step finished in '3' seconds
INFO: [USF-XSim-99] Step results log file:'D:/New folder/project_1/project_3.sim/sim_1/behav/xsim/xvhdl.log'
ERROR: [USF-XSim-62] 'compile' step failed with error(s). Please check the Tcl console output or 'D:/New folder/project_1/project_3.sim/sim_1/behav/xsim/xvhdl.log' file for more information.
ERROR: [Vivado 12-4473] Detected error while running simulation. Please correct the issue and retry this operation.
ERROR: [Common 17-39] 'launch_simulation' failed due to earlier errors.
WARNING: [filemgmt 56-199] Attempt to get parsing info during refresh. "On-the-fly" syntax checking information may be incorrect. [D:\New folder\project_1\project_3.srcs\sources_1\new\Control.vhd:]
WARNING: [filemgmt 56-199] Attempt to get parsing info during refresh. "On-the-fly" syntax checking information may be incorrect. [D:\New folder\project_1\project_3.srcs\sim_1\new\test.vhd:]
WARNING: [filemgmt 56-199] Attempt to get parsing info during refresh. "On-the-fly" syntax checking information may be incorrect. [D:\New folder\project_1\project_3.srcs\sources_1\new\led_test.vhd:]
WARNING: [filemgmt 56-199] Attempt to get parsing info during refresh. "On-the-fly" syntax checking information may be incorrect. [D:\New folder\project_1\project_3.srcs\sim_1\new\led_test_tb.vhd:]
WARNING: [filemgmt 56-199] Attempt to get parsing info during refresh. "On-the-fly" syntax checking information may be incorrect. [D:\New folder\project_1\project_3.srcs\sources_1\new\led_test.vhd:]
WARNING: [filemgmt 56-199] Attempt to get parsing info during refresh. "On-the-fly" syntax checking information may be incorrect. [D:\New folder\project_1\project_3.srcs\sources_1\new\led_test.vhd:]
WARNING: [filemgmt 56-199] Attempt to get parsing info during refresh. "On-the-fly" syntax checking information may be incorrect. [D:\New folder\project_1\project_3.srcs\sources_1\new\Control.vhd:]
WARNING: [filemgmt 56-199] Attempt to get parsing info during refresh. "On-the-fly" syntax checking information may be incorrect. [D:\New folder\project_1\project_3.srcs\sim_1\new\test.vhd:]
WARNING: [filemgmt 56-199] Attempt to get parsing info during refresh. "On-the-fly" syntax checking information may be incorrect. [D:\New folder\project_1\project_3.srcs\sources_1\new\led_test.vhd:]
WARNING: [filemgmt 56-199] Attempt to get parsing info during refresh. "On-the-fly" syntax checking information may be incorrect. [D:\New folder\project_1\project_3.srcs\sim_1\new\led_test_tb.vhd:]
WARNING: [filemgmt 56-199] Attempt to get parsing info during refresh. "On-the-fly" syntax checking information may be incorrect. [D:\New folder\project_1\project_3.srcs\sources_1\new\Control.vhd:]
WARNING: [filemgmt 56-199] Attempt to get parsing info during refresh. "On-the-fly" syntax checking information may be incorrect. [D:\New folder\project_1\project_3.srcs\sources_1\new\Control.vhd:]
launch_simulation
Command: launch_simulation 
INFO: [Vivado 12-12493] Simulation top is 'led_test_tb'
WARNING: [Vivado 12-13340] Unable to auto find GCC executables from simulator install path! (path not set)
INFO: [Vivado 12-5682] Launching behavioral simulation in 'D:/New folder/project_1/project_3.sim/sim_1/behav/xsim'
INFO: [SIM-utils-51] Simulation object is 'sim_1'
INFO: [SIM-utils-72] Using boost library from 'D:/xilinx/Vivado/2024.2/tps/boost_1_72_0'
INFO: [SIM-utils-54] Inspecting design source files for 'led_test_tb' in fileset 'sim_1'...
INFO: [USF-XSim-97] Finding global include files...
INFO: [USF-XSim-98] Fetching design files from 'sim_1'...
INFO: [USF-XSim-2] XSim::Compile design
INFO: [USF-XSim-61] Executing 'COMPILE and ANALYZE' step in 'D:/New folder/project_1/project_3.sim/sim_1/behav/xsim'
"xvhdl --incr --relax -prj led_test_tb_vhdl.prj"
INFO: [VRFC 10-163] Analyzing VHDL file "D:/New folder/project_1/project_3.srcs/sources_1/new/Button.vhd" into library xil_defaultlib
INFO: [VRFC 10-3107] analyzing entity 'Button'
INFO: [VRFC 10-163] Analyzing VHDL file "D:/New folder/project_1/project_3.srcs/sources_1/new/Control.vhd" into library xil_defaultlib
INFO: [VRFC 10-3107] analyzing entity 'Control'
INFO: [VRFC 10-163] Analyzing VHDL file "D:/New folder/project_1/project_3.srcs/sources_1/new/Display.vhd" into library xil_defaultlib
INFO: [VRFC 10-3107] analyzing entity 'Display'
INFO: [VRFC 10-163] Analyzing VHDL file "D:/New folder/project_1/project_3.srcs/sources_1/new/HexTo7Seg.vhd" into library xil_defaultlib
INFO: [VRFC 10-3107] analyzing entity 'HexTo7Seg'
INFO: [VRFC 10-163] Analyzing VHDL file "D:/New folder/project_1/project_3.srcs/sources_1/new/RandomNumber.vhd" into library xil_defaultlib
INFO: [VRFC 10-3107] analyzing entity 'RandomNumber'
INFO: [VRFC 10-163] Analyzing VHDL file "D:/New folder/project_1/project_3.srcs/sources_1/new/Timer.vhd" into library xil_defaultlib
INFO: [VRFC 10-3107] analyzing entity 'Timer'
INFO: [VRFC 10-163] Analyzing VHDL file "D:/New folder/project_1/project_3.srcs/sources_1/new/led_test.vhd" into library xil_defaultlib
INFO: [VRFC 10-3107] analyzing entity 'led_test'
INFO: [VRFC 10-163] Analyzing VHDL file "D:/New folder/project_1/project_3.srcs/sources_1/new/leds.vhd" into library xil_defaultlib
INFO: [VRFC 10-3107] analyzing entity 'leds'
INFO: [VRFC 10-163] Analyzing VHDL file "D:/New folder/project_1/project_3.srcs/sim_1/new/test.vhd" into library xil_defaultlib
INFO: [VRFC 10-3107] analyzing entity 'led_test_tb'
INFO: [USF-XSim-69] 'compile' step finished in '4' seconds
INFO: [USF-XSim-3] XSim::Elaborate design
INFO: [USF-XSim-61] Executing 'ELABORATE' step in 'D:/New folder/project_1/project_3.sim/sim_1/behav/xsim'
"xelab --incr --debug typical --relax --mt 2 -L xil_defaultlib -L secureip --snapshot led_test_tb_behav xil_defaultlib.led_test_tb -log elaborate.log"
Vivado Simulator v2024.2.0
Copyright 1986-2022 Xilinx, Inc. All Rights Reserved.
Copyright 2022-2024 Advanced Micro Devices, Inc. All Rights Reserved.
Running: D:/xilinx/Vivado/2024.2/bin/unwrapped/win64.o/xelab.exe --incr --debug typical --relax --mt 2 -L xil_defaultlib -L secureip --snapshot led_test_tb_behav xil_defaultlib.led_test_tb -log elaborate.log 
Using 2 slave threads.
Starting static elaboration
Completed static elaboration
Starting simulation data flow analysis
Completed simulation data flow analysis
Time Resolution for simulation is 1ps
Compiling package std.standard
Compiling package std.textio
Compiling package ieee.std_logic_1164
Compiling package ieee.numeric_std
Compiling architecture behavioral of entity xil_defaultlib.HexTo7Seg [hexto7seg_default]
Compiling architecture behavioral of entity xil_defaultlib.RandomNumber [randomnumber_default]
Compiling architecture behavioral of entity xil_defaultlib.Control [control_default]
Compiling architecture behavioral of entity xil_defaultlib.Timer [timer_default]
Compiling architecture behavioral of entity xil_defaultlib.Button [button_default]
Compiling architecture behavioral of entity xil_defaultlib.leds [leds_default]
Compiling architecture behavioral of entity xil_defaultlib.Display [display_default]
Compiling architecture behavioral of entity xil_defaultlib.led_test [led_test_default]
Compiling architecture behavioral of entity xil_defaultlib.led_test_tb
Built simulation snapshot led_test_tb_behav
run_program: Time (s): cpu = 00:00:01 ; elapsed = 00:00:11 . Memory (MB): peak = 1317.336 ; gain = 0.000
INFO: [USF-XSim-69] 'elaborate' step finished in '11' seconds
INFO: [USF-XSim-4] XSim::Simulate design
INFO: [USF-XSim-61] Executing 'SIMULATE' step in 'D:/New folder/project_1/project_3.sim/sim_1/behav/xsim'
INFO: [USF-XSim-98] *** Running xsim
   with args "led_test_tb_behav -key {Behavioral:sim_1:Functional:led_test_tb} -tclbatch {led_test_tb.tcl} -log {simulate.log}"
INFO: [USF-XSim-8] Loading simulator feature
Time resolution is 1 ps
source led_test_tb.tcl
# set curr_wave [current_wave_config]
# if { [string length $curr_wave] == 0 } {
#   if { [llength [get_objects]] > 0} {
#     add_wave /
#     set_property needs_save false [current_wave_config]
#   } else {
#      send_msg_id Add_Wave-1 WARNING "No top level signals found. Simulator will start without a wave window. If you want to open a wave window go to 'File->New Waveform Configuration' or type 'create_wave_config' in the TCL console."
#   }
# }
# run 1000ns
xsim: Time (s): cpu = 00:00:04 ; elapsed = 00:00:07 . Memory (MB): peak = 1339.129 ; gain = 21.793
INFO: [USF-XSim-96] XSim completed. Design snapshot 'led_test_tb_behav' loaded.
INFO: [USF-XSim-97] XSim simulation ran for 1000ns
launch_simulation: Time (s): cpu = 00:00:05 ; elapsed = 00:00:22 . Memory (MB): peak = 1339.129 ; gain = 21.793
run all
Note: Simulation started.
Time: 1 ms  Iteration: 0  Process: /led_test_tb/monitor_process  File: D:/New folder/project_1/project_3.srcs/sim_1/new/test.vhd
run: Time (s): cpu = 00:00:17 ; elapsed = 00:00:16 . Memory (MB): peak = 1339.129 ; gain = 0.000
relaunch_sim
INFO: xsimkernel Simulation Memory Usage: 35772 KB (Peak: 35772 KB), Simulation CPU Usage: 16828 ms
Command: launch_simulation -step compile -simset sim_1 -mode behavioral
INFO: [Vivado 12-12493] Simulation top is 'led_test_tb'
WARNING: [Vivado 12-13340] Unable to auto find GCC executables from simulator install path! (path not set)
INFO: [Vivado 12-5682] Launching behavioral simulation in 'D:/New folder/project_1/project_3.sim/sim_1/behav/xsim'
INFO: [SIM-utils-51] Simulation object is 'sim_1'
INFO: [SIM-utils-72] Using boost library from 'D:/xilinx/Vivado/2024.2/tps/boost_1_72_0'
INFO: [SIM-utils-54] Inspecting design source files for 'led_test_tb' in fileset 'sim_1'...
INFO: [USF-XSim-97] Finding global include files...
INFO: [USF-XSim-98] Fetching design files from 'sim_1'...
INFO: [USF-XSim-2] XSim::Compile design
INFO: [USF-XSim-61] Executing 'COMPILE and ANALYZE' step in 'D:/New folder/project_1/project_3.sim/sim_1/behav/xsim'
"xvhdl --incr --relax -prj led_test_tb_vhdl.prj"
INFO: [USF-XSim-69] 'compile' step finished in '4' seconds
Command: launch_simulation -step elaborate -simset sim_1 -mode behavioral
INFO: [Vivado 12-12493] Simulation top is 'led_test_tb'
WARNING: [Vivado 12-13340] Unable to auto find GCC executables from simulator install path! (path not set)
INFO: [Vivado 12-5682] Launching behavioral simulation in 'D:/New folder/project_1/project_3.sim/sim_1/behav/xsim'
INFO: [SIM-utils-51] Simulation object is 'sim_1'
INFO: [USF-XSim-3] XSim::Elaborate design
INFO: [USF-XSim-61] Executing 'ELABORATE' step in 'D:/New folder/project_1/project_3.sim/sim_1/behav/xsim'
"xelab --incr --debug typical --relax --mt 2 -L xil_defaultlib -L secureip --snapshot led_test_tb_behav xil_defaultlib.led_test_tb -log elaborate.log"
Vivado Simulator v2024.2.0
Copyright 1986-2022 Xilinx, Inc. All Rights Reserved.
Copyright 2022-2024 Advanced Micro Devices, Inc. All Rights Reserved.
Running: D:/xilinx/Vivado/2024.2/bin/unwrapped/win64.o/xelab.exe --incr --debug typical --relax --mt 2 -L xil_defaultlib -L secureip --snapshot led_test_tb_behav xil_defaultlib.led_test_tb -log elaborate.log 
Using 2 slave threads.
Starting static elaboration
Completed static elaboration
INFO: [XSIM 43-4323] No Change in HDL. Linking previously generated obj files to create kernel
INFO: [USF-XSim-69] 'elaborate' step finished in '3' seconds
Time resolution is 1 ps
relaunch_sim: Time (s): cpu = 00:00:02 ; elapsed = 00:00:10 . Memory (MB): peak = 1339.129 ; gain = 0.000
run 10 us
run 10 us
run 10 us
run 10 us
run 10 us
run 10 us
run 10 us
run 10 us
restart
INFO: [Wavedata 42-604] Simulation restarted
run 10 us
restart
INFO: [Wavedata 42-604] Simulation restarted
run 10 ns
run 10 ns
run 10 ns
run 10 ns
run 10 ns
WARNING: [filemgmt 56-199] Attempt to get parsing info during refresh. "On-the-fly" syntax checking information may be incorrect. [D:\New folder\project_1\project_3.srcs\sources_1\new\Control.vhd:]
WARNING: [filemgmt 56-199] Attempt to get parsing info during refresh. "On-the-fly" syntax checking information may be incorrect. [D:\New folder\project_1\project_3.srcs\sim_1\new\test.vhd:]
WARNING: [filemgmt 56-199] Attempt to get parsing info during refresh. "On-the-fly" syntax checking information may be incorrect. [D:\New folder\project_1\project_3.srcs\sources_1\new\led_test.vhd:]
WARNING: [filemgmt 56-199] Attempt to get parsing info during refresh. "On-the-fly" syntax checking information may be incorrect. [D:\New folder\project_1\project_3.srcs\sources_1\new\Button.vhd:]
WARNING: [filemgmt 56-199] Attempt to get parsing info during refresh. "On-the-fly" syntax checking information may be incorrect. [D:\New folder\project_1\project_3.srcs\sim_1\new\led_test_tb.vhd:]
WARNING: [filemgmt 56-199] Attempt to get parsing info during refresh. "On-the-fly" syntax checking information may be incorrect. [D:\New folder\project_1\project_3.srcs\sources_1\new\Control.vhd:]
WARNING: [filemgmt 56-199] Attempt to get parsing info during refresh. "On-the-fly" syntax checking information may be incorrect. [D:\New folder\project_1\project_3.srcs\sources_1\new\Control.vhd:]
WARNING: [filemgmt 56-199] Attempt to get parsing info during refresh. "On-the-fly" syntax checking information may be incorrect. [D:\New folder\project_1\project_3.srcs\sources_1\new\Control.vhd:]
WARNING: [filemgmt 56-199] Attempt to get parsing info during refresh. "On-the-fly" syntax checking information may be incorrect. [D:\New folder\project_1\project_3.srcs\sim_1\new\test.vhd:]
WARNING: [filemgmt 56-199] Attempt to get parsing info during refresh. "On-the-fly" syntax checking information may be incorrect. [D:\New folder\project_1\project_3.srcs\sources_1\new\led_test.vhd:]
WARNING: [filemgmt 56-199] Attempt to get parsing info during refresh. "On-the-fly" syntax checking information may be incorrect. [D:\New folder\project_1\project_3.srcs\sources_1\new\Button.vhd:]
WARNING: [filemgmt 56-199] Attempt to get parsing info during refresh. "On-the-fly" syntax checking information may be incorrect. [D:\New folder\project_1\project_3.srcs\sim_1\new\led_test_tb.vhd:]
WARNING: [filemgmt 56-199] Attempt to get parsing info during refresh. "On-the-fly" syntax checking information may be incorrect. [D:\New folder\project_1\project_3.srcs\sim_1\new\test.vhd:]
WARNING: [filemgmt 56-199] Attempt to get parsing info during refresh. "On-the-fly" syntax checking information may be incorrect. [D:\New folder\project_1\project_3.srcs\sim_1\new\test.vhd:]
close_sim
INFO: [Simtcl 6-16] Simulation closed
launch_simulation
Command: launch_simulation 
INFO: [Vivado 12-12493] Simulation top is 'led_test_tb'
WARNING: [Vivado 12-13340] Unable to auto find GCC executables from simulator install path! (path not set)
INFO: [Vivado 12-5682] Launching behavioral simulation in 'D:/New folder/project_1/project_3.sim/sim_1/behav/xsim'
INFO: [SIM-utils-51] Simulation object is 'sim_1'
INFO: [SIM-utils-72] Using boost library from 'D:/xilinx/Vivado/2024.2/tps/boost_1_72_0'
INFO: [SIM-utils-54] Inspecting design source files for 'led_test_tb' in fileset 'sim_1'...
INFO: [USF-XSim-97] Finding global include files...
INFO: [USF-XSim-98] Fetching design files from 'sim_1'...
INFO: [USF-XSim-2] XSim::Compile design
INFO: [USF-XSim-61] Executing 'COMPILE and ANALYZE' step in 'D:/New folder/project_1/project_3.sim/sim_1/behav/xsim'
"xvhdl --incr --relax -prj led_test_tb_vhdl.prj"
INFO: [VRFC 10-163] Analyzing VHDL file "D:/New folder/project_1/project_3.srcs/sim_1/new/test.vhd" into library xil_defaultlib
INFO: [VRFC 10-3107] analyzing entity 'led_test_tb'
INFO: [USF-XSim-69] 'compile' step finished in '3' seconds
INFO: [USF-XSim-3] XSim::Elaborate design
INFO: [USF-XSim-61] Executing 'ELABORATE' step in 'D:/New folder/project_1/project_3.sim/sim_1/behav/xsim'
"xelab --incr --debug typical --relax --mt 2 -L xil_defaultlib -L secureip --snapshot led_test_tb_behav xil_defaultlib.led_test_tb -log elaborate.log"
Vivado Simulator v2024.2.0
Copyright 1986-2022 Xilinx, Inc. All Rights Reserved.
Copyright 2022-2024 Advanced Micro Devices, Inc. All Rights Reserved.
Running: D:/xilinx/Vivado/2024.2/bin/unwrapped/win64.o/xelab.exe --incr --debug typical --relax --mt 2 -L xil_defaultlib -L secureip --snapshot led_test_tb_behav xil_defaultlib.led_test_tb -log elaborate.log 
Using 2 slave threads.
Starting static elaboration
Completed static elaboration
Starting simulation data flow analysis
Completed simulation data flow analysis
Time Resolution for simulation is 1ps
Compiling package std.standard
Compiling package std.textio
Compiling package ieee.std_logic_1164
Compiling package ieee.numeric_std
Compiling architecture behavioral of entity xil_defaultlib.HexTo7Seg [hexto7seg_default]
Compiling architecture behavioral of entity xil_defaultlib.RandomNumber [randomnumber_default]
Compiling architecture behavioral of entity xil_defaultlib.Control [control_default]
Compiling architecture behavioral of entity xil_defaultlib.Timer [timer_default]
Compiling architecture behavioral of entity xil_defaultlib.Button [button_default]
Compiling architecture behavioral of entity xil_defaultlib.leds [leds_default]
Compiling architecture behavioral of entity xil_defaultlib.Display [display_default]
Compiling architecture behavioral of entity xil_defaultlib.led_test [led_test_default]
Compiling architecture behavioral of entity xil_defaultlib.led_test_tb
Built simulation snapshot led_test_tb_behav
INFO: [USF-XSim-69] 'elaborate' step finished in '5' seconds
INFO: [USF-XSim-4] XSim::Simulate design
INFO: [USF-XSim-61] Executing 'SIMULATE' step in 'D:/New folder/project_1/project_3.sim/sim_1/behav/xsim'
INFO: [USF-XSim-98] *** Running xsim
   with args "led_test_tb_behav -key {Behavioral:sim_1:Functional:led_test_tb} -tclbatch {led_test_tb.tcl} -log {simulate.log}"
INFO: [USF-XSim-8] Loading simulator feature
Time resolution is 1 ps
source led_test_tb.tcl
# set curr_wave [current_wave_config]
# if { [string length $curr_wave] == 0 } {
#   if { [llength [get_objects]] > 0} {
#     add_wave /
#     set_property needs_save false [current_wave_config]
#   } else {
#      send_msg_id Add_Wave-1 WARNING "No top level signals found. Simulator will start without a wave window. If you want to open a wave window go to 'File->New Waveform Configuration' or type 'create_wave_config' in the TCL console."
#   }
# }
# run 1000ns
INFO: [USF-XSim-96] XSim completed. Design snapshot 'led_test_tb_behav' loaded.
INFO: [USF-XSim-97] XSim simulation ran for 1000ns
launch_simulation: Time (s): cpu = 00:00:05 ; elapsed = 00:00:12 . Memory (MB): peak = 1339.129 ; gain = 0.000
WARNING: [filemgmt 56-199] Attempt to get parsing info during refresh. "On-the-fly" syntax checking information may be incorrect. [D:\New folder\project_1\project_3.srcs\sources_1\new\Control.vhd:]
WARNING: [filemgmt 56-199] Attempt to get parsing info during refresh. "On-the-fly" syntax checking information may be incorrect. [D:\New folder\project_1\project_3.srcs\sources_1\new\led_test.vhd:]
WARNING: [filemgmt 56-199] Attempt to get parsing info during refresh. "On-the-fly" syntax checking information may be incorrect. [D:\New folder\project_1\project_3.srcs\sources_1\new\Button.vhd:]
WARNING: [filemgmt 56-199] Attempt to get parsing info during refresh. "On-the-fly" syntax checking information may be incorrect. [D:\New folder\project_1\project_3.srcs\sources_1\new\Control.vhd:]
WARNING: [filemgmt 56-199] Attempt to get parsing info during refresh. "On-the-fly" syntax checking information may be incorrect. [D:\New folder\project_1\project_3.srcs\sources_1\new\Control.vhd:]
WARNING: [filemgmt 56-199] Attempt to get parsing info during refresh. "On-the-fly" syntax checking information may be incorrect. [D:\New folder\project_1\project_3.srcs\sources_1\new\Control.vhd:]
WARNING: [filemgmt 56-199] Attempt to get parsing info during refresh. "On-the-fly" syntax checking information may be incorrect. [D:\New folder\project_1\project_3.srcs\sources_1\new\led_test.vhd:]
WARNING: [filemgmt 56-199] Attempt to get parsing info during refresh. "On-the-fly" syntax checking information may be incorrect. [D:\New folder\project_1\project_3.srcs\sources_1\new\Button.vhd:]
WARNING: [filemgmt 56-199] Attempt to get parsing info during refresh. "On-the-fly" syntax checking information may be incorrect. [D:\New folder\project_1\project_3.srcs\sources_1\new\Button.vhd:]
WARNING: [filemgmt 56-199] Attempt to get parsing info during refresh. "On-the-fly" syntax checking information may be incorrect. [D:\New folder\project_1\project_3.srcs\sources_1\new\Button.vhd:]
WARNING: [filemgmt 56-199] Attempt to get parsing info during refresh. "On-the-fly" syntax checking information may be incorrect. [D:\New folder\project_1\project_3.srcs\sources_1\new\Control.vhd:]
WARNING: [filemgmt 56-199] Attempt to get parsing info during refresh. "On-the-fly" syntax checking information may be incorrect. [D:\New folder\project_1\project_3.srcs\sources_1\new\led_test.vhd:]
WARNING: [filemgmt 56-199] Attempt to get parsing info during refresh. "On-the-fly" syntax checking information may be incorrect. [D:\New folder\project_1\project_3.srcs\sources_1\new\Button.vhd:]
WARNING: [filemgmt 56-199] Attempt to get parsing info during refresh. "On-the-fly" syntax checking information may be incorrect. [D:\New folder\project_1\project_3.srcs\sources_1\new\Control.vhd:]
WARNING: [filemgmt 56-199] Attempt to get parsing info during refresh. "On-the-fly" syntax checking information may be incorrect. [D:\New folder\project_1\project_3.srcs\sources_1\new\Control.vhd:]
WARNING: [filemgmt 56-199] Attempt to get parsing info during refresh. "On-the-fly" syntax checking information may be incorrect. [D:\New folder\project_1\project_3.srcs\sources_1\new\Control.vhd:]
WARNING: [filemgmt 56-199] Attempt to get parsing info during refresh. "On-the-fly" syntax checking information may be incorrect. [D:\New folder\project_1\project_3.srcs\sources_1\new\led_test.vhd:]
WARNING: [filemgmt 56-199] Attempt to get parsing info during refresh. "On-the-fly" syntax checking information may be incorrect. [D:\New folder\project_1\project_3.srcs\sources_1\new\Button.vhd:]
WARNING: [filemgmt 56-199] Attempt to get parsing info during refresh. "On-the-fly" syntax checking information may be incorrect. [D:\New folder\project_1\project_3.srcs\sources_1\new\Button.vhd:]
WARNING: [filemgmt 56-199] Attempt to get parsing info during refresh. "On-the-fly" syntax checking information may be incorrect. [D:\New folder\project_1\project_3.srcs\sources_1\new\Button.vhd:]
WARNING: [filemgmt 56-199] Attempt to get parsing info during refresh. "On-the-fly" syntax checking information may be incorrect. [D:\New folder\project_1\project_3.srcs\sources_1\new\Control.vhd:]
WARNING: [filemgmt 56-199] Attempt to get parsing info during refresh. "On-the-fly" syntax checking information may be incorrect. [D:\New folder\project_1\project_3.srcs\sources_1\new\led_test.vhd:]
WARNING: [filemgmt 56-199] Attempt to get parsing info during refresh. "On-the-fly" syntax checking information may be incorrect. [D:\New folder\project_1\project_3.srcs\sources_1\new\Button.vhd:]
WARNING: [filemgmt 56-199] Attempt to get parsing info during refresh. "On-the-fly" syntax checking information may be incorrect. [D:\New folder\project_1\project_3.srcs\sources_1\new\Control.vhd:]
WARNING: [filemgmt 56-199] Attempt to get parsing info during refresh. "On-the-fly" syntax checking information may be incorrect. [D:\New folder\project_1\project_3.srcs\sources_1\new\Control.vhd:]
WARNING: [filemgmt 56-199] Attempt to get parsing info during refresh. "On-the-fly" syntax checking information may be incorrect. [D:\New folder\project_1\project_3.srcs\sources_1\new\Control.vhd:]
WARNING: [filemgmt 56-199] Attempt to get parsing info during refresh. "On-the-fly" syntax checking information may be incorrect. [D:\New folder\project_1\project_3.srcs\sources_1\new\led_test.vhd:]
WARNING: [filemgmt 56-199] Attempt to get parsing info during refresh. "On-the-fly" syntax checking information may be incorrect. [D:\New folder\project_1\project_3.srcs\sources_1\new\Button.vhd:]
WARNING: [filemgmt 56-199] Attempt to get parsing info during refresh. "On-the-fly" syntax checking information may be incorrect. [D:\New folder\project_1\project_3.srcs\sources_1\new\Button.vhd:]
WARNING: [filemgmt 56-199] Attempt to get parsing info during refresh. "On-the-fly" syntax checking information may be incorrect. [D:\New folder\project_1\project_3.srcs\sources_1\new\Button.vhd:]
WARNING: [filemgmt 56-199] Attempt to get parsing info during refresh. "On-the-fly" syntax checking information may be incorrect. [D:\New folder\project_1\project_3.srcs\sources_1\new\Control.vhd:]
WARNING: [filemgmt 56-199] Attempt to get parsing info during refresh. "On-the-fly" syntax checking information may be incorrect. [D:\New folder\project_1\project_3.srcs\sources_1\new\led_test.vhd:]
WARNING: [filemgmt 56-199] Attempt to get parsing info during refresh. "On-the-fly" syntax checking information may be incorrect. [D:\New folder\project_1\project_3.srcs\sources_1\new\Button.vhd:]
WARNING: [filemgmt 56-199] Attempt to get parsing info during refresh. "On-the-fly" syntax checking information may be incorrect. [D:\New folder\project_1\project_3.srcs\sources_1\new\Control.vhd:]
WARNING: [filemgmt 56-199] Attempt to get parsing info during refresh. "On-the-fly" syntax checking information may be incorrect. [D:\New folder\project_1\project_3.srcs\sources_1\new\Control.vhd:]
WARNING: [filemgmt 56-199] Attempt to get parsing info during refresh. "On-the-fly" syntax checking information may be incorrect. [D:\New folder\project_1\project_3.srcs\sources_1\new\Control.vhd:]
WARNING: [filemgmt 56-199] Attempt to get parsing info during refresh. "On-the-fly" syntax checking information may be incorrect. [D:\New folder\project_1\project_3.srcs\sources_1\new\led_test.vhd:]
WARNING: [filemgmt 56-199] Attempt to get parsing info during refresh. "On-the-fly" syntax checking information may be incorrect. [D:\New folder\project_1\project_3.srcs\sources_1\new\Button.vhd:]
WARNING: [filemgmt 56-199] Attempt to get parsing info during refresh. "On-the-fly" syntax checking information may be incorrect. [D:\New folder\project_1\project_3.srcs\sources_1\new\Button.vhd:]
WARNING: [filemgmt 56-199] Attempt to get parsing info during refresh. "On-the-fly" syntax checking information may be incorrect. [D:\New folder\project_1\project_3.srcs\sources_1\new\Button.vhd:]
reset_run synth_1
INFO: [Project 1-1161] Replacing file D:/New folder/project_1/project_3.srcs/utils_1/imports/synth_1/led_test.dcp with file D:/New folder/project_1/project_3.runs/synth_1/led_test.dcp
WARNING: [Vivado 12-1017] Problems encountered:
1. Failed to delete one or more files in run directory D:/New folder/project_1/project_3.runs/synth_1

launch_runs synth_1 -jobs 5
[Sun Mar 16 22:59:14 2025] Launched synth_1...
Run output will be captured here: D:/New folder/project_1/project_3.runs/synth_1/runme.log
WARNING: [filemgmt 56-199] Attempt to get parsing info during refresh. "On-the-fly" syntax checking information may be incorrect. [D:\New folder\project_1\project_3.srcs\sources_1\new\Control.vhd:]
WARNING: [filemgmt 56-199] Attempt to get parsing info during refresh. "On-the-fly" syntax checking information may be incorrect. [D:\New folder\project_1\project_3.srcs\sources_1\new\led_test.vhd:]
WARNING: [filemgmt 56-199] Attempt to get parsing info during refresh. "On-the-fly" syntax checking information may be incorrect. [D:\New folder\project_1\project_3.srcs\sources_1\new\Button.vhd:]
WARNING: [filemgmt 56-199] Attempt to get parsing info during refresh. "On-the-fly" syntax checking information may be incorrect. [D:\New folder\project_1\project_3.srcs\sources_1\new\Control.vhd:]
WARNING: [filemgmt 56-199] Attempt to get parsing info during refresh. "On-the-fly" syntax checking information may be incorrect. [D:\New folder\project_1\project_3.srcs\sources_1\new\Control.vhd:]
WARNING: [filemgmt 56-199] Attempt to get parsing info during refresh. "On-the-fly" syntax checking information may be incorrect. [D:\New folder\project_1\project_3.srcs\sources_1\new\Control.vhd:]
WARNING: [filemgmt 56-199] Attempt to get parsing info during refresh. "On-the-fly" syntax checking information may be incorrect. [D:\New folder\project_1\project_3.srcs\sources_1\new\led_test.vhd:]
WARNING: [filemgmt 56-199] Attempt to get parsing info during refresh. "On-the-fly" syntax checking information may be incorrect. [D:\New folder\project_1\project_3.srcs\sources_1\new\Button.vhd:]
WARNING: [filemgmt 56-199] Attempt to get parsing info during refresh. "On-the-fly" syntax checking information may be incorrect. [D:\New folder\project_1\project_3.srcs\sources_1\new\Button.vhd:]
WARNING: [filemgmt 56-199] Attempt to get parsing info during refresh. "On-the-fly" syntax checking information may be incorrect. [D:\New folder\project_1\project_3.srcs\sources_1\new\Button.vhd:]
ERROR: [Common 17-180] Spawn failed: No error
launch_runs impl_1 -jobs 5
[Sun Mar 16 23:00:49 2025] Launched impl_1...
Run output will be captured here: D:/New folder/project_1/project_3.runs/impl_1/runme.log
launch_runs impl_1 -to_step write_bitstream -jobs 5
[Sun Mar 16 23:02:46 2025] Launched impl_1...
Run output will be captured here: D:/New folder/project_1/project_3.runs/impl_1/runme.log
open_hw_manager
connect_hw_server -allow_non_jtag
INFO: [Labtools 27-2285] Connecting to hw_server url TCP:localhost:3121
INFO: [Labtools 27-2222] Launching hw_server...
INFO: [Labtools 27-2221] Launch Output:

****** Xilinx hw_server v2024.2
  **** Build date : Oct 29 2024 at 10:25:41
    ** Copyright 1986-2022 Xilinx, Inc. All Rights Reserved.


INFO: [Labtools 27-3415] Connecting to cs_server url TCP:localhost:0
INFO: [Labtools 27-3417] Launching cs_server...
INFO: [Labtools 27-2221] Launch Output:


******** Xilinx cs_server v2024.2.0
  ****** Build date   : Oct 30 2024-14:19:07
    **** Build number : 2024.2.1730312347
      ** Copyright 2017-2022 Xilinx, Inc. All Rights Reserved.
      ** Copyright 2022-2025 Advanced Micro Devices, Inc. All Rights Reserved.



connect_hw_server: Time (s): cpu = 00:00:01 ; elapsed = 00:00:09 . Memory (MB): peak = 2378.676 ; gain = 0.000
open_hw_target
INFO: [Labtoolstcl 44-466] Opening hw_target localhost:3121/xilinx_tcf/Digilent/210183BB750DA
set_property PROGRAM.FILE {D:/New folder/project_1/project_3.runs/impl_1/led_test.bit} [get_hw_devices xc7a35t_0]
current_hw_device [get_hw_devices xc7a35t_0]
refresh_hw_device -update_hw_probes false [lindex [get_hw_devices xc7a35t_0] 0]
INFO: [Labtools 27-1434] Device xc7a35t (JTAG device index = 0) is programmed with a design that has no supported debug core(s) in it.
set_property PROBES.FILE {} [get_hw_devices xc7a35t_0]
set_property FULL_PROBES.FILE {} [get_hw_devices xc7a35t_0]
set_property PROGRAM.FILE {D:/New folder/project_1/project_3.runs/impl_1/led_test.bit} [get_hw_devices xc7a35t_0]
program_hw_devices [get_hw_devices xc7a35t_0]
INFO: [Labtools 27-3164] End of startup status: HIGH
refresh_hw_device [lindex [get_hw_devices xc7a35t_0] 0]
INFO: [Labtools 27-1434] Device xc7a35t (JTAG device index = 0) is programmed with a design that has no supported debug core(s) in it.
WARNING: [filemgmt 56-199] Attempt to get parsing info during refresh. "On-the-fly" syntax checking information may be incorrect. [D:\New folder\project_1\project_3.srcs\sources_1\new\Control.vhd:]
WARNING: [filemgmt 56-199] Attempt to get parsing info during refresh. "On-the-fly" syntax checking information may be incorrect. [D:\New folder\project_1\project_3.srcs\sources_1\new\led_test.vhd:]
WARNING: [filemgmt 56-199] Attempt to get parsing info during refresh. "On-the-fly" syntax checking information may be incorrect. [D:\New folder\project_1\project_3.srcs\sources_1\new\Button.vhd:]
WARNING: [filemgmt 56-199] Attempt to get parsing info during refresh. "On-the-fly" syntax checking information may be incorrect. [D:\New folder\project_1\project_3.srcs\sources_1\new\Control.vhd:]
WARNING: [filemgmt 56-199] Attempt to get parsing info during refresh. "On-the-fly" syntax checking information may be incorrect. [D:\New folder\project_1\project_3.srcs\sources_1\new\Control.vhd:]
WARNING: [filemgmt 56-199] Attempt to get parsing info during refresh. "On-the-fly" syntax checking information may be incorrect. [D:\New folder\project_1\project_3.srcs\sources_1\new\Control.vhd:]
WARNING: [filemgmt 56-199] Attempt to get parsing info during refresh. "On-the-fly" syntax checking information may be incorrect. [D:\New folder\project_1\project_3.srcs\sources_1\new\led_test.vhd:]
WARNING: [filemgmt 56-199] Attempt to get parsing info during refresh. "On-the-fly" syntax checking information may be incorrect. [D:\New folder\project_1\project_3.srcs\sources_1\new\Button.vhd:]
WARNING: [filemgmt 56-199] Attempt to get parsing info during refresh. "On-the-fly" syntax checking information may be incorrect. [D:\New folder\project_1\project_3.srcs\sources_1\new\led_test.vhd:]
WARNING: [filemgmt 56-199] Attempt to get parsing info during refresh. "On-the-fly" syntax checking information may be incorrect. [D:\New folder\project_1\project_3.srcs\sources_1\new\led_test.vhd:]
reset_run synth_1
INFO: [Project 1-1161] Replacing file D:/New folder/project_1/project_3.srcs/utils_1/imports/synth_1/led_test.dcp with file D:/New folder/project_1/project_3.runs/synth_1/led_test.dcp
WARNING: [Vivado 12-1017] Problems encountered:
1. Failed to delete one or more files in run directory D:/New folder/project_1/project_3.runs/synth_1

launch_runs synth_1 -jobs 5
[Sun Mar 16 23:09:26 2025] Launched synth_1...
Run output will be captured here: D:/New folder/project_1/project_3.runs/synth_1/runme.log
WARNING: [filemgmt 56-199] Attempt to get parsing info during refresh. "On-the-fly" syntax checking information may be incorrect. [D:\New folder\project_1\project_3.srcs\sources_1\new\Control.vhd:]
WARNING: [filemgmt 56-199] Attempt to get parsing info during refresh. "On-the-fly" syntax checking information may be incorrect. [D:\New folder\project_1\project_3.srcs\sources_1\new\led_test.vhd:]
WARNING: [filemgmt 56-199] Attempt to get parsing info during refresh. "On-the-fly" syntax checking information may be incorrect. [D:\New folder\project_1\project_3.srcs\sources_1\new\Button.vhd:]
WARNING: [filemgmt 56-199] Attempt to get parsing info during refresh. "On-the-fly" syntax checking information may be incorrect. [D:\New folder\project_1\project_3.srcs\sources_1\new\Button.vhd:]
WARNING: [filemgmt 56-199] Attempt to get parsing info during refresh. "On-the-fly" syntax checking information may be incorrect. [D:\New folder\project_1\project_3.srcs\sources_1\new\Button.vhd:]
WARNING: [filemgmt 56-199] Attempt to get parsing info during refresh. "On-the-fly" syntax checking information may be incorrect. [D:\New folder\project_1\project_3.srcs\sources_1\new\Control.vhd:]
WARNING: [filemgmt 56-199] Attempt to get parsing info during refresh. "On-the-fly" syntax checking information may be incorrect. [D:\New folder\project_1\project_3.srcs\sources_1\new\led_test.vhd:]
WARNING: [filemgmt 56-199] Attempt to get parsing info during refresh. "On-the-fly" syntax checking information may be incorrect. [D:\New folder\project_1\project_3.srcs\sources_1\new\Button.vhd:]
WARNING: [filemgmt 56-199] Attempt to get parsing info during refresh. "On-the-fly" syntax checking information may be incorrect. [D:\New folder\project_1\project_3.srcs\sources_1\new\Control.vhd:]
WARNING: [filemgmt 56-199] Attempt to get parsing info during refresh. "On-the-fly" syntax checking information may be incorrect. [D:\New folder\project_1\project_3.srcs\sources_1\new\Control.vhd:]
ERROR: [Common 17-180] Spawn failed: No error
launch_runs impl_1 -jobs 5
[Sun Mar 16 23:12:07 2025] Launched impl_1...
Run output will be captured here: D:/New folder/project_1/project_3.runs/impl_1/runme.log
reset_run impl_1
launch_runs impl_1 -jobs 5
[Sun Mar 16 23:14:08 2025] Launched impl_1...
Run output will be captured here: D:/New folder/project_1/project_3.runs/impl_1/runme.log
reset_run impl_1
launch_runs impl_1 -to_step write_bitstream -jobs 5
[Sun Mar 16 23:16:45 2025] Launched impl_1...
Run output will be captured here: D:/New folder/project_1/project_3.runs/impl_1/runme.log
close_sim
INFO: [Simtcl 6-16] Simulation closed
launch_simulation
Command: launch_simulation 
INFO: [Vivado 12-12493] Simulation top is 'led_test_tb'
WARNING: [Vivado 12-13340] Unable to auto find GCC executables from simulator install path! (path not set)
INFO: [Vivado 12-5682] Launching behavioral simulation in 'D:/New folder/project_1/project_3.sim/sim_1/behav/xsim'
INFO: [SIM-utils-51] Simulation object is 'sim_1'
INFO: [SIM-utils-72] Using boost library from 'D:/xilinx/Vivado/2024.2/tps/boost_1_72_0'
INFO: [SIM-utils-54] Inspecting design source files for 'led_test_tb' in fileset 'sim_1'...
INFO: [USF-XSim-97] Finding global include files...
INFO: [USF-XSim-98] Fetching design files from 'sim_1'...
INFO: [USF-XSim-2] XSim::Compile design
INFO: [USF-XSim-61] Executing 'COMPILE and ANALYZE' step in 'D:/New folder/project_1/project_3.sim/sim_1/behav/xsim'
"xvhdl --incr --relax -prj led_test_tb_vhdl.prj"
INFO: [VRFC 10-163] Analyzing VHDL file "D:/New folder/project_1/project_3.srcs/sources_1/new/Control.vhd" into library xil_defaultlib
INFO: [VRFC 10-3107] analyzing entity 'Control'
INFO: [USF-XSim-69] 'compile' step finished in '4' seconds
INFO: [USF-XSim-3] XSim::Elaborate design
INFO: [USF-XSim-61] Executing 'ELABORATE' step in 'D:/New folder/project_1/project_3.sim/sim_1/behav/xsim'
"xelab --incr --debug typical --relax --mt 2 -L xil_defaultlib -L secureip --snapshot led_test_tb_behav xil_defaultlib.led_test_tb -log elaborate.log"
Vivado Simulator v2024.2.0
Copyright 1986-2022 Xilinx, Inc. All Rights Reserved.
Copyright 2022-2024 Advanced Micro Devices, Inc. All Rights Reserved.
Running: D:/xilinx/Vivado/2024.2/bin/unwrapped/win64.o/xelab.exe --incr --debug typical --relax --mt 2 -L xil_defaultlib -L secureip --snapshot led_test_tb_behav xil_defaultlib.led_test_tb -log elaborate.log 
Using 2 slave threads.
Starting static elaboration
Completed static elaboration
Starting simulation data flow analysis
Completed simulation data flow analysis
Time Resolution for simulation is 1ps
Compiling package std.standard
Compiling package std.textio
Compiling package ieee.std_logic_1164
Compiling package ieee.numeric_std
Compiling architecture behavioral of entity xil_defaultlib.HexTo7Seg [hexto7seg_default]
Compiling architecture behavioral of entity xil_defaultlib.RandomNumber [randomnumber_default]
Compiling architecture behavioral of entity xil_defaultlib.Control [control_default]
Compiling architecture behavioral of entity xil_defaultlib.Timer [timer_default]
Compiling architecture behavioral of entity xil_defaultlib.Button [button_default]
Compiling architecture behavioral of entity xil_defaultlib.leds [leds_default]
Compiling architecture behavioral of entity xil_defaultlib.Display [display_default]
Compiling architecture behavioral of entity xil_defaultlib.led_test [led_test_default]
Compiling architecture behavioral of entity xil_defaultlib.led_test_tb
Built simulation snapshot led_test_tb_behav
INFO: [USF-XSim-69] 'elaborate' step finished in '4' seconds
INFO: [USF-XSim-4] XSim::Simulate design
INFO: [USF-XSim-61] Executing 'SIMULATE' step in 'D:/New folder/project_1/project_3.sim/sim_1/behav/xsim'
INFO: [USF-XSim-98] *** Running xsim
   with args "led_test_tb_behav -key {Behavioral:sim_1:Functional:led_test_tb} -tclbatch {led_test_tb.tcl} -log {simulate.log}"
INFO: [USF-XSim-8] Loading simulator feature
Time resolution is 1 ps
source led_test_tb.tcl
# set curr_wave [current_wave_config]
# if { [string length $curr_wave] == 0 } {
#   if { [llength [get_objects]] > 0} {
#     add_wave /
#     set_property needs_save false [current_wave_config]
#   } else {
#      send_msg_id Add_Wave-1 WARNING "No top level signals found. Simulator will start without a wave window. If you want to open a wave window go to 'File->New Waveform Configuration' or type 'create_wave_config' in the TCL console."
#   }
# }
# run 1000ns
INFO: [USF-XSim-96] XSim completed. Design snapshot 'led_test_tb_behav' loaded.
INFO: [USF-XSim-97] XSim simulation ran for 1000ns
launch_simulation: Time (s): cpu = 00:00:03 ; elapsed = 00:00:12 . Memory (MB): peak = 2378.676 ; gain = 0.000
reset_run impl_1
launch_runs impl_1 -jobs 5
[Sun Mar 16 23:18:13 2025] Launched impl_1...
Run output will be captured here: D:/New folder/project_1/project_3.runs/impl_1/runme.log
add_bp {D:/New folder/project_1/project_3.srcs/sources_1/new/Control.vhd} 134
remove_bps -file {D:/New folder/project_1/project_3.srcs/sources_1/new/Control.vhd} -line 134
WARNING: [filemgmt 56-199] Attempt to get parsing info during refresh. "On-the-fly" syntax checking information may be incorrect. [D:\New folder\project_1\project_3.srcs\sources_1\new\Control.vhd:]
WARNING: [filemgmt 56-199] Attempt to get parsing info during refresh. "On-the-fly" syntax checking information may be incorrect. [D:\New folder\project_1\project_3.srcs\sources_1\new\led_test.vhd:]
WARNING: [filemgmt 56-199] Attempt to get parsing info during refresh. "On-the-fly" syntax checking information may be incorrect. [D:\New folder\project_1\project_3.srcs\sources_1\new\Control.vhd:]
WARNING: [filemgmt 56-199] Attempt to get parsing info during refresh. "On-the-fly" syntax checking information may be incorrect. [D:\New folder\project_1\project_3.srcs\sources_1\new\Control.vhd:]
ERROR: [Common 17-180] Spawn failed: No error
reset_run synth_1
INFO: [Project 1-1161] Replacing file D:/New folder/project_1/project_3.srcs/utils_1/imports/synth_1/led_test.dcp with file D:/New folder/project_1/project_3.runs/synth_1/led_test.dcp
WARNING: [Vivado 12-1017] Problems encountered:
1. Failed to delete one or more files in run directory D:/New folder/project_1/project_3.runs/synth_1

launch_runs synth_1 -jobs 5
[Sun Mar 16 23:24:12 2025] Launched synth_1...
Run output will be captured here: D:/New folder/project_1/project_3.runs/synth_1/runme.log
WARNING: [filemgmt 56-199] Attempt to get parsing info during refresh. "On-the-fly" syntax checking information may be incorrect. [D:\New folder\project_1\project_3.srcs\sources_1\new\Control.vhd:]
WARNING: [filemgmt 56-199] Attempt to get parsing info during refresh. "On-the-fly" syntax checking information may be incorrect. [D:\New folder\project_1\project_3.srcs\sources_1\new\led_test.vhd:]
WARNING: [filemgmt 56-199] Attempt to get parsing info during refresh. "On-the-fly" syntax checking information may be incorrect. [D:\New folder\project_1\project_3.srcs\sources_1\new\Control.vhd:]
WARNING: [filemgmt 56-199] Attempt to get parsing info during refresh. "On-the-fly" syntax checking information may be incorrect. [D:\New folder\project_1\project_3.srcs\sources_1\new\Control.vhd:]
ERROR: [Common 17-180] Spawn failed: No error
launch_runs impl_1 -jobs 5
[Sun Mar 16 23:27:26 2025] Launched impl_1...
Run output will be captured here: D:/New folder/project_1/project_3.runs/impl_1/runme.log
launch_runs impl_1 -to_step write_bitstream -jobs 5
[Sun Mar 16 23:30:48 2025] Launched impl_1...
Run output will be captured here: D:/New folder/project_1/project_3.runs/impl_1/runme.log
set_property PROBES.FILE {} [get_hw_devices xc7a35t_0]
set_property FULL_PROBES.FILE {} [get_hw_devices xc7a35t_0]
set_property PROGRAM.FILE {D:/New folder/project_1/project_3.runs/impl_1/led_test.bit} [get_hw_devices xc7a35t_0]
program_hw_devices [get_hw_devices xc7a35t_0]
INFO: [Labtools 27-3164] End of startup status: HIGH
refresh_hw_device [lindex [get_hw_devices xc7a35t_0] 0]
INFO: [Labtools 27-1434] Device xc7a35t (JTAG device index = 0) is programmed with a design that has no supported debug core(s) in it.
WARNING: [filemgmt 56-199] Attempt to get parsing info during refresh. "On-the-fly" syntax checking information may be incorrect. [D:\New folder\project_1\project_3.srcs\sources_1\new\Control.vhd:]
WARNING: [filemgmt 56-199] Attempt to get parsing info during refresh. "On-the-fly" syntax checking information may be incorrect. [D:\New folder\project_1\project_3.srcs\sources_1\new\led_test.vhd:]
WARNING: [filemgmt 56-199] Attempt to get parsing info during refresh. "On-the-fly" syntax checking information may be incorrect. [D:\New folder\project_1\project_3.srcs\sources_1\new\Control.vhd:]
WARNING: [filemgmt 56-199] Attempt to get parsing info during refresh. "On-the-fly" syntax checking information may be incorrect. [D:\New folder\project_1\project_3.srcs\sources_1\new\Control.vhd:]
ERROR: [Common 17-180] Spawn failed: No error
reset_run synth_1
INFO: [Project 1-1161] Replacing file D:/New folder/project_1/project_3.srcs/utils_1/imports/synth_1/led_test.dcp with file D:/New folder/project_1/project_3.runs/synth_1/led_test.dcp
WARNING: [Vivado 12-1017] Problems encountered:
1. Failed to delete one or more files in run directory D:/New folder/project_1/project_3.runs/synth_1

launch_runs synth_1 -jobs 5
WARNING: [filemgmt 56-199] Attempt to get parsing info during refresh. "On-the-fly" syntax checking information may be incorrect. [D:\New folder\project_1\project_3.srcs\sources_1\new\Control.vhd:]
WARNING: [filemgmt 56-199] Attempt to get parsing info during refresh. "On-the-fly" syntax checking information may be incorrect. [D:\New folder\project_1\project_3.srcs\sources_1\new\led_test.vhd:]
WARNING: [filemgmt 56-199] Attempt to get parsing info during refresh. "On-the-fly" syntax checking information may be incorrect. [D:\New folder\project_1\project_3.srcs\sources_1\new\Control.vhd:]
WARNING: [filemgmt 56-199] Attempt to get parsing info during refresh. "On-the-fly" syntax checking information may be incorrect. [D:\New folder\project_1\project_3.srcs\sources_1\new\Control.vhd:]
[Sun Mar 16 23:37:11 2025] Launched synth_1...
Run output will be captured here: D:/New folder/project_1/project_3.runs/synth_1/runme.log
ERROR: [Common 17-180] Spawn failed: No error
launch_runs impl_1 -to_step write_bitstream -jobs 5
[Sun Mar 16 23:40:52 2025] Launched impl_1...
Run output will be captured here: D:/New folder/project_1/project_3.runs/impl_1/runme.log
set_property PROBES.FILE {} [get_hw_devices xc7a35t_0]
set_property FULL_PROBES.FILE {} [get_hw_devices xc7a35t_0]
set_property PROGRAM.FILE {D:/New folder/project_1/project_3.runs/impl_1/led_test.bit} [get_hw_devices xc7a35t_0]
program_hw_devices [get_hw_devices xc7a35t_0]
INFO: [Labtools 27-3164] End of startup status: HIGH
refresh_hw_device [lindex [get_hw_devices xc7a35t_0] 0]
INFO: [Labtools 27-1434] Device xc7a35t (JTAG device index = 0) is programmed with a design that has no supported debug core(s) in it.
close_sim
INFO: [Simtcl 6-16] Simulation closed
exit
INFO: [Common 17-206] Exiting Vivado at Sun Mar 16 23:47:35 2025...
