
*** Running vivado
    with args -log led_test.vds -m64 -product Vivado -mode batch -messageDb vivado.pb -notrace -source led_test.tcl



****** Vivado v2024.2 (64-bit)
  **** SW Build 5239630 on Fri Nov 08 22:35:27 MST 2024
  **** IP Build 5239520 on Sun Nov 10 16:12:51 MST 2024
  **** SharedData Build 5239561 on Fri Nov 08 14:39:27 MST 2024
  **** Start of session at: Mon Mar 17 14:31:23 2025
    ** Copyright 1986-2022 Xilinx, Inc. All Rights Reserved.
    ** Copyright 2022-2024 Advanced Micro Devices, Inc. All Rights Reserved.

source led_test.tcl -notrace
Command: read_checkpoint -auto_incremental -incremental {D:/New folder/project_1/project_3.srcs/utils_1/imports/synth_1/led_test.dcp}
INFO: [Vivado 12-5825] Read reference checkpoint from D:/New folder/project_1/project_3.srcs/utils_1/imports/synth_1/led_test.dcp for incremental synthesis
INFO: [Vivado 12-7989] Please ensure there are no constraint changes
Command: synth_design -top led_test -part xc7a35tcpg236-1
Starting synth_design
Attempting to get a license for feature 'Synthesis' and/or device 'xc7a35t'
INFO: [Common 17-349] Got license for feature 'Synthesis' and/or device 'xc7a35t'
INFO: [Device 21-403] Loading part xc7a35tcpg236-1
INFO: [Designutils 20-5440] No compile time benefit to using incremental synthesis; A full resynthesis will be run
INFO: [Designutils 20-4379] Flow is switching to default flow due to incremental criteria not met. If you would like to alter this behaviour and have the flow terminate instead, please set the following parameter config_implementation {autoIncr.Synth.RejectBehavior Terminate}
INFO: [Synth 8-7079] Multithreading enabled for synth_design using a maximum of 2 processes.
INFO: [Synth 8-7078] Launching helper process for spawning children vivado processes
INFO: [Synth 8-7075] Helper process launched with PID 13640
---------------------------------------------------------------------------------
Starting RTL Elaboration : Time (s): cpu = 00:00:08 ; elapsed = 00:00:08 . Memory (MB): peak = 1028.750 ; gain = 467.242
---------------------------------------------------------------------------------
ERROR: [Synth 8-36] 'state_type' is not declared [D:/New folder/project_1/project_3.srcs/sources_1/new/fsm.vhd:47]
INFO: [Synth 8-11252] unit 'fsm' is ignored due to previous errors [D:/New folder/project_1/project_3.srcs/sources_1/new/fsm.vhd:49]
INFO: [Synth 8-10443] VHDL file 'D:/New folder/project_1/project_3.srcs/sources_1/new/fsm.vhd' is ignored due to errors
ERROR: [Synth 8-12189] Failed to read vhdl 'D:/New folder/project_1/project_3.srcs/sources_1/new/fsm.vhd'
---------------------------------------------------------------------------------
Finished RTL Elaboration : Time (s): cpu = 00:00:10 ; elapsed = 00:00:10 . Memory (MB): peak = 1127.695 ; gain = 566.188
---------------------------------------------------------------------------------
RTL Elaboration failed
INFO: [Common 17-83] Releasing license: Synthesis
12 Infos, 0 Warnings, 0 Critical Warnings and 3 Errors encountered.
synth_design failed
ERROR: [Common 17-69] Command failed: Synthesis failed - please see the console or run log file for details
INFO: [Common 17-206] Exiting Vivado at Mon Mar 17 14:31:45 2025...
